0 info it worked if it ends with ok
1 verbose cli [ '/home/zhuyulong/.nvm/versions/node/v0.12.3/bin/node',
1 verbose cli   '/home/zhuyulong/.nvm/versions/node/v0.12.3/bin/npm',
1 verbose cli   'test' ]
2 info using npm@2.9.1
3 info using node@v0.12.3
4 verbose stack Error: ENOENT, open '/home/zhuyulong/camp/collection-calculate-camp/package.json'
4 verbose stack     at Error (native)
5 verbose cwd /home/zhuyulong/camp/collection-calculate-camp
6 error Linux 3.13.0-37-generic
7 error argv "/home/zhuyulong/.nvm/versions/node/v0.12.3/bin/node" "/home/zhuyulong/.nvm/versions/node/v0.12.3/bin/npm" "test"
8 error node v0.12.3
9 error npm  v2.9.1
10 error path /home/zhuyulong/camp/collection-calculate-camp/package.json
11 error code ENOENT
12 error errno -2
13 error enoent ENOENT, open '/home/zhuyulong/camp/collection-calculate-camp/package.json'
13 error enoent This is most likely not a problem with npm itself
13 error enoent and is related to npm not being able to find a file.
14 verbose exit [ -2, true ]
